<?xml version="1.0" encoding="UTF-8"?>
<testng-results ignored="0" total="1" passed="1" failed="0" skipped="0">
  <reporter-output>
  </reporter-output>
  <suite started-at="2024-08-19T18:16:01 IST" name="Default suite" finished-at="2024-08-19T18:16:18 IST" duration-ms="17459">
    <groups>
    </groups>
    <test started-at="2024-08-19T18:16:01 IST" name="Default test" finished-at="2024-08-19T18:16:18 IST" duration-ms="17459">
      <class name="com.TestPages.HotelTest">
        <test-method signature="validate_5_Star_Rating()[pri:0, instance:com.TestPages.HotelTest@740cae06]" started-at="2024-08-19T18:16:01 IST" name="validate_5_Star_Rating" finished-at="2024-08-19T18:16:18 IST" duration-ms="17415" status="PASS">
          <reporter-output>
          </reporter-output>
        </test-method> <!-- validate_5_Star_Rating -->
      </class> <!-- com.TestPages.HotelTest -->
    </test> <!-- Default test -->
  </suite> <!-- Default suite -->
</testng-results>
